#
# A fatal error has been detected by the Java Runtime Environment:
#
# java.lang.OutOfMemoryError: requested 32744 bytes for ChunkPool::allocate. Out of swap space?
#
#  Internal Error (allocation.cpp:166), pid=3652, tid=8148
#  Error: ChunkPool::allocate
#
# JRE version: 6.0_24-b07
# Java VM: Java HotSpot(TM) 64-Bit Server VM (19.1-b02 mixed mode windows-amd64 compressed oops)
# If you would like to submit a bug report, please visit:
#   http://java.sun.com/webapps/bugreport/crash.jsp
#

---------------  T H R E A D  ---------------

Current thread (0x0000000006547000):  JavaThread "CompilerThread0" daemon [_thread_in_native, id=8148, stack(0x00000000068f0000,0x00000000069f0000)]

Stack: [0x00000000068f0000,0x00000000069f0000]

Current CompileTask:
C2: 97      groovy.lang.MetaClassImpl$1MOPIter.methodNameAction(Ljava/lang/Class;Lorg/codehaus/groovy/runtime/metaclass/MetaMethodIndex$Entry;)V (417 bytes)


---------------  P R O C E S S  ---------------

Java Threads: ( => current thread )
  0x0000000006557800 JavaThread "Low Memory Detector" daemon [_thread_blocked, id=8040, stack(0x0000000006af0000,0x0000000006bf0000)]
  0x000000000654c000 JavaThread "CompilerThread1" daemon [_thread_in_native, id=7604, stack(0x00000000069f0000,0x0000000006af0000)]
=>0x0000000006547000 JavaThread "CompilerThread0" daemon [_thread_in_native, id=8148, stack(0x00000000068f0000,0x00000000069f0000)]
  0x0000000006543800 JavaThread "Attach Listener" daemon [_thread_blocked, id=2584, stack(0x00000000067f0000,0x00000000068f0000)]
  0x000000000653e000 JavaThread "Signal Dispatcher" daemon [_thread_blocked, id=7504, stack(0x00000000066f0000,0x00000000067f0000)]
  0x000000000052c800 JavaThread "Finalizer" daemon [_thread_blocked, id=5748, stack(0x00000000063f0000,0x00000000064f0000)]
  0x0000000000525800 JavaThread "Reference Handler" daemon [_thread_blocked, id=8140, stack(0x00000000062f0000,0x00000000063f0000)]
  0x000000000039c800 JavaThread "main" [_thread_in_native, id=7860, stack(0x0000000002350000,0x0000000002450000)]

Other Threads:
  0x000000000051f000 VMThread [stack: 0x00000000061f0000,0x00000000062f0000] [id=7284]
  0x0000000006568800 WatcherThread [stack: 0x0000000006bf0000,0x0000000006cf0000] [id=5180]

VM state:not at safepoint (normal execution)

VM Mutex/Monitor currently owned by a thread: None

Heap
 PSYoungGen      total 229376K, used 45913K [0x00000000f0000000, 0x0000000100000000, 0x0000000100000000)
  eden space 196608K, 23% used [0x00000000f0000000,0x00000000f2cd6668,0x00000000fc000000)
  from space 32768K, 0% used [0x00000000fe000000,0x00000000fe000000,0x0000000100000000)
  to   space 32768K, 0% used [0x00000000fc000000,0x00000000fc000000,0x00000000fe000000)
 PSOldGen        total 524288K, used 0K [0x00000000d0000000, 0x00000000f0000000, 0x00000000f0000000)
  object space 524288K, 0% used [0x00000000d0000000,0x00000000d0000000,0x00000000f0000000)
 PSPermGen       total 262144K, used 15559K [0x00000000c0000000, 0x00000000d0000000, 0x00000000d0000000)
  object space 262144K, 5% used [0x00000000c0000000,0x00000000c0f31f50,0x00000000d0000000)

Dynamic libraries:
0x0000000000400000 - 0x000000000042e000 	C:\Program Files\Java\jdk1.6.0_24\bin\java.exe
0x00000000779c0000 - 0x0000000077b6e000 	C:\Windows\SYSTEM32\ntdll.dll
0x00000000778a0000 - 0x00000000779bf000 	C:\Windows\system32\kernel32.dll
0x000007fefdf00000 - 0x000007fefdf6b000 	C:\Windows\system32\KERNELBASE.dll
0x000007feff5f0000 - 0x000007feff6cb000 	C:\Windows\system32\ADVAPI32.dll
0x000007feff040000 - 0x000007feff0df000 	C:\Windows\system32\msvcrt.dll
0x000007feff5d0000 - 0x000007feff5ef000 	C:\Windows\SYSTEM32\sechost.dll
0x000007feff6d0000 - 0x000007feff7fe000 	C:\Windows\system32\RPCRT4.dll
0x000000006d890000 - 0x000000006df94000 	C:\Program Files\Java\jdk1.6.0_24\jre\bin\server\jvm.dll
0x00000000772e0000 - 0x00000000773da000 	C:\Windows\system32\USER32.dll
0x000007feffc50000 - 0x000007feffcb7000 	C:\Windows\system32\GDI32.dll
0x000007fefe2a0000 - 0x000007fefe2ae000 	C:\Windows\system32\LPK.dll
0x000007feffa90000 - 0x000007feffb5a000 	C:\Windows\system32\USP10.dll
0x000007fefa720000 - 0x000007fefa75b000 	C:\Windows\system32\WINMM.dll
0x000007fefe250000 - 0x000007fefe27e000 	C:\Windows\system32\IMM32.DLL
0x000007feff160000 - 0x000007feff269000 	C:\Windows\system32\MSCTF.dll
0x000000006d800000 - 0x000000006d80e000 	C:\Program Files\Java\jdk1.6.0_24\jre\bin\verify.dll
0x000000006d450000 - 0x000000006d477000 	C:\Program Files\Java\jdk1.6.0_24\jre\bin\java.dll
0x000000006d3b0000 - 0x000000006d3ba000 	C:\Program Files\Java\jdk1.6.0_24\jre\bin\hpi.dll
0x0000000077b80000 - 0x0000000077b87000 	C:\Windows\system32\PSAPI.DLL
0x000000006d850000 - 0x000000006d862000 	C:\Program Files\Java\jdk1.6.0_24\jre\bin\zip.dll
0x000007fefd700000 - 0x000007fefd717000 	C:\Windows\system32\CRYPTSP.dll
0x000007fefd400000 - 0x000007fefd447000 	C:\Windows\system32\rsaenh.dll
0x000007fefd120000 - 0x000007fefd13e000 	C:\Windows\system32\USERENV.dll
0x000007fefde30000 - 0x000007fefde3f000 	C:\Windows\system32\profapi.dll
0x000007fefdd60000 - 0x000007fefdd6f000 	C:\Windows\system32\CRYPTBASE.dll
0x000000006d6a0000 - 0x000000006d6b7000 	C:\Program Files\Java\jdk1.6.0_24\jre\bin\net.dll
0x000007feffc00000 - 0x000007feffc4d000 	C:\Windows\system32\WS2_32.dll
0x000007feffcc0000 - 0x000007feffcc8000 	C:\Windows\system32\NSI.dll
0x000007fefd6a0000 - 0x000007fefd6f4000 	C:\Windows\system32\mswsock.dll
0x000007fefd690000 - 0x000007fefd697000 	C:\Windows\System32\wship6.dll
0x000007fefbbe0000 - 0x000007fefbbf5000 	C:\Windows\system32\NLAapi.dll
0x000007fefd520000 - 0x000007fefd57b000 	C:\Windows\system32\DNSAPI.dll
0x000007fefa9d0000 - 0x000007fefa9db000 	C:\Windows\System32\winrnr.dll
0x000007fefa9a0000 - 0x000007fefa9b5000 	C:\Windows\system32\napinsp.dll
0x000007fefa960000 - 0x000007fefa979000 	C:\Windows\system32\pnrpnsp.dll
0x000007fefac10000 - 0x000007fefac3e000 	C:\Program Files\Common Files\Microsoft Shared\Windows Live\WLIDNSP.DLL
0x000007feff800000 - 0x000007feff871000 	C:\Windows\system32\SHLWAPI.dll
0x0000000072cc0000 - 0x0000000072ce6000 	C:\Program Files\Bonjour\mdnsNSP.dll
0x000007fefb6d0000 - 0x000007fefb6f7000 	C:\Windows\system32\Iphlpapi.DLL
0x000007fefb750000 - 0x000007fefb75b000 	C:\Windows\system32\WINNSI.DLL
0x000007fefd020000 - 0x000007fefd027000 	C:\Windows\System32\wshtcpip.dll
0x000007fefac00000 - 0x000007fefac08000 	C:\Windows\system32\rasadhlp.dll
0x000007fefb000000 - 0x000007fefb053000 	C:\Windows\System32\fwpuclnt.dll
0x0000000180000000 - 0x0000000180037000 	C:\Users\feininger\AppData\Local\Temp\jna2910964452053372791.dll
0x0000000000360000 - 0x0000000000370000 	C:\Users\feininger\AppData\Local\Temp\jline_.dll

VM Arguments:
jvm_args: -Xmx768M -Xms768M -XX:PermSize=256m -XX:MaxPermSize=256m -Dfile.encoding=UTF-8 -Dprogram.name= -Dgrails.home=C:\grails-2.0.3 -Dgrails.version=2.0.3 -Dbase.dir=. -Dtools.jar=C:\Program Files\Java\jdk1.6.0_24\lib\tools.jar -Dgroovy.starter.conf=C:\grails-2.0.3\conf\groovy-starter.conf 
java_command: org.codehaus.groovy.grails.cli.support.GrailsStarter --main org.codehaus.groovy.grails.cli.GrailsScriptRunner --conf C:\grails-2.0.3\conf\groovy-starter.conf --classpath ;.;C:\Program Files (x86)\Java\jre6\lib;C:\Program Files (x86)\Java\jre6\lib\ext\QTJava.zip  dlean
Launcher Type: SUN_STANDARD

Environment Variables:
JAVA_HOME=C:\Program Files\Java\jdk1.6.0_24
CLASSPATH=.;C:\Program Files (x86)\Java\jre6\lib;C:\Program Files (x86)\Java\jre6\lib\ext\QTJava.zip
PATH=C:\Ruby192\bin;C:\Program Files\Common Files\Microsoft Shared\Windows Live;C:\Program Files (x86)\Common Files\Microsoft Shared\Windows Live;C:\Program Files (x86)\AMD APP\bin\x86_64;C:\Program Files (x86)\AMD APP\bin\x86;C:\Windows\system32;C:\Windows;C:\Windows\System32\Wbem;C:\Windows\System32\WindowsPowerShell\v1.0\;C:\Program Files (x86)\ATI Technologies\ATI.ACE\Core-Static;C:\Program Files (x86)\Windows Live\Shared;C:\Program Files (x86)\Calibre2\;c:\Program Files (x86)\Microsoft SQL Server\100\Tools\Binn\;c:\Program Files\Microsoft SQL Server\100\Tools\Binn\;c:\Program Files\Microsoft SQL Server\100\DTS\Binn\;C:\Program Files\TortoiseSVN\bin;C:\Program Files (x86)\Microsoft SQL Server\100\Tools\Binn\VSShell\Common7\IDE\;C:\Program Files (x86)\Microsoft SQL Server\100\DTS\Binn\;C:\Program Files\SlikSvn\bin\;C:\Program Files\SlikSvn\bin;C:\Program Files\Java\jdk1.6.0_24\bin;C:\Program Files (x86)\Android\android-sdk\tools\;C:\Marmalade\5.1\s3e\h;C:\grails-2.0.3\bin;C:\Program Files (x86)\Groovy\Groovy-1.8.6\bin;C:\Program Files (x86)\QuickTime\QTSystem\;C:\Program Files (x86)\Subversion\bin
USERNAME=feininger
OS=Windows_NT
PROCESSOR_IDENTIFIER=AMD64 Family 16 Model 5 Stepping 2, AuthenticAMD



---------------  S Y S T E M  ---------------

OS: Windows 7 Build 7600 

CPU:total 4 (4 cores per cpu, 1 threads per core) family 16 model 5 stepping 2, cmov, cx8, fxsr, mmx, sse, sse2, sse3, popcnt, mmxext, 3dnow, 3dnowext, lzcnt, sse4a

Memory: 4k page, physical 8387768k(2714984k free), swap 8385864k(5084k free)

vm_info: Java HotSpot(TM) 64-Bit Server VM (19.1-b02) for windows-amd64 JRE (1.6.0_24-b07), built on Feb  2 2011 16:25:45 by "java_re" with MS VC++ 8.0 (VS2005)

time: Tue May 22 11:36:02 2012
elapsed time: 1 seconds

