#
# A fatal error has been detected by the Java Runtime Environment:
#
# java.lang.OutOfMemoryError: requested 1731136 bytes for Chunk::new. Out of swap space?
#
#  Internal Error (allocation.cpp:272), pid=4224, tid=3056
#  Error: Chunk::new
#
# JRE version: 6.0_24-b07
# Java VM: Java HotSpot(TM) 64-Bit Server VM (19.1-b02 mixed mode windows-amd64 compressed oops)
# If you would like to submit a bug report, please visit:
#   http://java.sun.com/webapps/bugreport/crash.jsp
#

---------------  T H R E A D  ---------------

Current thread (0x00000000063d0800):  JavaThread "CompilerThread1" daemon [_thread_in_native, id=3056, stack(0x0000000006960000,0x0000000006a60000)]

Stack: [0x0000000006960000,0x0000000006a60000]

Current CompileTask:
C2:255      java.lang.Class.privateGetPublicMethods()[Ljava/lang/reflect/Method; (266 bytes)


---------------  P R O C E S S  ---------------

Java Threads: ( => current thread )
  0x00000000063e9000 JavaThread "Low Memory Detector" daemon [_thread_blocked, id=5192, stack(0x0000000006a60000,0x0000000006b60000)]
=>0x00000000063d0800 JavaThread "CompilerThread1" daemon [_thread_in_native, id=3056, stack(0x0000000006960000,0x0000000006a60000)]
  0x00000000063bc000 JavaThread "CompilerThread0" daemon [_thread_in_native, id=7180, stack(0x0000000006860000,0x0000000006960000)]
  0x00000000063b8000 JavaThread "Attach Listener" daemon [_thread_blocked, id=7468, stack(0x0000000006760000,0x0000000006860000)]
  0x00000000063b2800 JavaThread "Signal Dispatcher" daemon [_thread_blocked, id=7036, stack(0x0000000006660000,0x0000000006760000)]
  0x0000000006365800 JavaThread "Finalizer" daemon [_thread_blocked, id=6664, stack(0x0000000006560000,0x0000000006660000)]
  0x00000000002ca800 JavaThread "Reference Handler" daemon [_thread_blocked, id=6500, stack(0x0000000006260000,0x0000000006360000)]
  0x000000000059c800 JavaThread "main" [_thread_in_vm, id=6328, stack(0x00000000022c0000,0x00000000023c0000)]

Other Threads:
  0x00000000002c4800 VMThread [stack: 0x0000000006160000,0x0000000006260000] [id=3256]
  0x00000000063f1800 WatcherThread [stack: 0x0000000006b60000,0x0000000006c60000] [id=7628]

VM state:not at safepoint (normal execution)

VM Mutex/Monitor currently owned by a thread: None

Heap
 PSYoungGen      total 229376K, used 85453K [0x00000000f0000000, 0x0000000100000000, 0x0000000100000000)
  eden space 196608K, 43% used [0x00000000f0000000,0x00000000f53737e0,0x00000000fc000000)
  from space 32768K, 0% used [0x00000000fe000000,0x00000000fe000000,0x0000000100000000)
  to   space 32768K, 0% used